<?xml version="1.0" encoding="UTF-8"?>
<!-- Generated by org.testng.reporters.JUnitXMLReporter -->
<testsuite hostname="ASDW0056" name="Command line test" tests="6" failures="0" timestamp="20 Jun 2018 10:52:50 GMT" time="6.963" errors="0">
  <testcase name="page1" time="0.207" classname="selenium.one.tatoc.AppTest"/>
  <testcase name="page2" time="0.162" classname="selenium.one.tatoc.AppTest"/>
  <testcase name="page3" time="0.701" classname="selenium.one.tatoc.AppTest"/>
  <testcase name="page4" time="0.231" classname="selenium.one.tatoc.AppTest"/>
  <testcase name="page5" time="1.342" classname="selenium.one.tatoc.AppTest"/>
  <testcase name="page6" time="0.177" classname="selenium.one.tatoc.AppTest"/>
</testsuite> <!-- Command line test -->
